Makefile:56: update target 'tests/containerof.o' due to: tests/containerof.c
env printf "  CC\ttests/containerof.o\n"
  CC	tests/containerof.o
cc -o tests/containerof.o -I./include -std=c99 -pedantic -Wall -Wextra -Werror -c -MMD -MF tests/containerof.o.d tests/containerof.c
Makefile:60: update target 'tests/containerof' due to: tests/containerof.o
env printf "  LD\ttests/containerof\n"
  LD	tests/containerof
cc -o tests/containerof tests/containerof.o 
Makefile:49: update target 'tests/containerof.ok' due to: tests/containerof
env printf "*** Validating tests/containerof ***\n"
*** Validating tests/containerof ***
./tests/containerof && env printf "\t\e[32;01m[ Verified ]\e[0m\n"
	[32;01m[ Verified ][0m
touch tests/containerof.ok
Makefile:56: update target 'tests/list_entry.o' due to: tests/list_entry.c
env printf "  CC\ttests/list_entry.o\n"
  CC	tests/list_entry.o
cc -o tests/list_entry.o -I./include -std=c99 -pedantic -Wall -Wextra -Werror -c -MMD -MF tests/list_entry.o.d tests/list_entry.c
Makefile:60: update target 'tests/list_entry' due to: tests/list_entry.o
env printf "  LD\ttests/list_entry\n"
  LD	tests/list_entry
cc -o tests/list_entry tests/list_entry.o 
Makefile:49: update target 'tests/list_entry.ok' due to: tests/list_entry
env printf "*** Validating tests/list_entry ***\n"
*** Validating tests/list_entry ***
./tests/list_entry && env printf "\t\e[32;01m[ Verified ]\e[0m\n"
	[32;01m[ Verified ][0m
touch tests/list_entry.ok
Makefile:56: update target 'tests/list_init-explicit.o' due to: tests/list_init-explicit.c
env printf "  CC\ttests/list_init-explicit.o\n"
  CC	tests/list_init-explicit.o
cc -o tests/list_init-explicit.o -I./include -std=c99 -pedantic -Wall -Wextra -Werror -c -MMD -MF tests/list_init-explicit.o.d tests/list_init-explicit.c
Makefile:60: update target 'tests/list_init-explicit' due to: tests/list_init-explicit.o
env printf "  LD\ttests/list_init-explicit\n"
  LD	tests/list_init-explicit
cc -o tests/list_init-explicit tests/list_init-explicit.o 
Makefile:49: update target 'tests/list_init-explicit.ok' due to: tests/list_init-explicit
env printf "*** Validating tests/list_init-explicit ***\n"
*** Validating tests/list_init-explicit ***
./tests/list_init-explicit && env printf "\t\e[32;01m[ Verified ]\e[0m\n"
	[32;01m[ Verified ][0m
touch tests/list_init-explicit.ok
Makefile:56: update target 'tests/list_init-local.o' due to: tests/list_init-local.c
env printf "  CC\ttests/list_init-local.o\n"
  CC	tests/list_init-local.o
cc -o tests/list_init-local.o -I./include -std=c99 -pedantic -Wall -Wextra -Werror -c -MMD -MF tests/list_init-local.o.d tests/list_init-local.c
Makefile:60: update target 'tests/list_init-local' due to: tests/list_init-local.o
env printf "  LD\ttests/list_init-local\n"
  LD	tests/list_init-local
cc -o tests/list_init-local tests/list_init-local.o 
Makefile:49: update target 'tests/list_init-local.ok' due to: tests/list_init-local
env printf "*** Validating tests/list_init-local ***\n"
*** Validating tests/list_init-local ***
./tests/list_init-local && env printf "\t\e[32;01m[ Verified ]\e[0m\n"
	[32;01m[ Verified ][0m
touch tests/list_init-local.ok
Makefile:56: update target 'tests/list_init-global.o' due to: tests/list_init-global.c
env printf "  CC\ttests/list_init-global.o\n"
  CC	tests/list_init-global.o
cc -o tests/list_init-global.o -I./include -std=c99 -pedantic -Wall -Wextra -Werror -c -MMD -MF tests/list_init-global.o.d tests/list_init-global.c
Makefile:60: update target 'tests/list_init-global' due to: tests/list_init-global.o
env printf "  LD\ttests/list_init-global\n"
  LD	tests/list_init-global
cc -o tests/list_init-global tests/list_init-global.o 
Makefile:49: update target 'tests/list_init-global.ok' due to: tests/list_init-global
env printf "*** Validating tests/list_init-global ***\n"
*** Validating tests/list_init-global ***
./tests/list_init-global && env printf "\t\e[32;01m[ Verified ]\e[0m\n"
	[32;01m[ Verified ][0m
touch tests/list_init-global.ok
Makefile:56: update target 'tests/list_add.o' due to: tests/list_add.c
env printf "  CC\ttests/list_add.o\n"
  CC	tests/list_add.o
cc -o tests/list_add.o -I./include -std=c99 -pedantic -Wall -Wextra -Werror -c -MMD -MF tests/list_add.o.d tests/list_add.c
Makefile:60: update target 'tests/list_add' due to: tests/list_add.o
env printf "  LD\ttests/list_add\n"
  LD	tests/list_add
cc -o tests/list_add tests/list_add.o 
Makefile:49: update target 'tests/list_add.ok' due to: tests/list_add
env printf "*** Validating tests/list_add ***\n"
*** Validating tests/list_add ***
./tests/list_add && env printf "\t\e[32;01m[ Verified ]\e[0m\n"
	[32;01m[ Verified ][0m
touch tests/list_add.ok
Makefile:56: update target 'tests/list_add_tail.o' due to: tests/list_add_tail.c
env printf "  CC\ttests/list_add_tail.o\n"
  CC	tests/list_add_tail.o
cc -o tests/list_add_tail.o -I./include -std=c99 -pedantic -Wall -Wextra -Werror -c -MMD -MF tests/list_add_tail.o.d tests/list_add_tail.c
Makefile:60: update target 'tests/list_add_tail' due to: tests/list_add_tail.o
env printf "  LD\ttests/list_add_tail\n"
  LD	tests/list_add_tail
cc -o tests/list_add_tail tests/list_add_tail.o 
Makefile:49: update target 'tests/list_add_tail.ok' due to: tests/list_add_tail
env printf "*** Validating tests/list_add_tail ***\n"
*** Validating tests/list_add_tail ***
./tests/list_add_tail && env printf "\t\e[32;01m[ Verified ]\e[0m\n"
	[32;01m[ Verified ][0m
touch tests/list_add_tail.ok
Makefile:56: update target 'tests/list_del.o' due to: tests/list_del.c
env printf "  CC\ttests/list_del.o\n"
  CC	tests/list_del.o
cc -o tests/list_del.o -I./include -std=c99 -pedantic -Wall -Wextra -Werror -c -MMD -MF tests/list_del.o.d tests/list_del.c
Makefile:60: update target 'tests/list_del' due to: tests/list_del.o
env printf "  LD\ttests/list_del\n"
  LD	tests/list_del
cc -o tests/list_del tests/list_del.o 
Makefile:49: update target 'tests/list_del.ok' due to: tests/list_del
env printf "*** Validating tests/list_del ***\n"
*** Validating tests/list_del ***
./tests/list_del && env printf "\t\e[32;01m[ Verified ]\e[0m\n"
	[32;01m[ Verified ][0m
touch tests/list_del.ok
Makefile:56: update target 'tests/list_del_init.o' due to: tests/list_del_init.c
env printf "  CC\ttests/list_del_init.o\n"
  CC	tests/list_del_init.o
cc -o tests/list_del_init.o -I./include -std=c99 -pedantic -Wall -Wextra -Werror -c -MMD -MF tests/list_del_init.o.d tests/list_del_init.c
Makefile:60: update target 'tests/list_del_init' due to: tests/list_del_init.o
env printf "  LD\ttests/list_del_init\n"
  LD	tests/list_del_init
cc -o tests/list_del_init tests/list_del_init.o 
Makefile:49: update target 'tests/list_del_init.ok' due to: tests/list_del_init
env printf "*** Validating tests/list_del_init ***\n"
*** Validating tests/list_del_init ***
./tests/list_del_init && env printf "\t\e[32;01m[ Verified ]\e[0m\n"
	[32;01m[ Verified ][0m
touch tests/list_del_init.ok
Makefile:56: update target 'tests/list_first_entry.o' due to: tests/list_first_entry.c
env printf "  CC\ttests/list_first_entry.o\n"
  CC	tests/list_first_entry.o
cc -o tests/list_first_entry.o -I./include -std=c99 -pedantic -Wall -Wextra -Werror -c -MMD -MF tests/list_first_entry.o.d tests/list_first_entry.c
Makefile:60: update target 'tests/list_first_entry' due to: tests/list_first_entry.o
env printf "  LD\ttests/list_first_entry\n"
  LD	tests/list_first_entry
cc -o tests/list_first_entry tests/list_first_entry.o 
Makefile:49: update target 'tests/list_first_entry.ok' due to: tests/list_first_entry
env printf "*** Validating tests/list_first_entry ***\n"
*** Validating tests/list_first_entry ***
./tests/list_first_entry && env printf "\t\e[32;01m[ Verified ]\e[0m\n"
	[32;01m[ Verified ][0m
touch tests/list_first_entry.ok
Makefile:56: update target 'tests/list_last_entry.o' due to: tests/list_last_entry.c
env printf "  CC\ttests/list_last_entry.o\n"
  CC	tests/list_last_entry.o
cc -o tests/list_last_entry.o -I./include -std=c99 -pedantic -Wall -Wextra -Werror -c -MMD -MF tests/list_last_entry.o.d tests/list_last_entry.c
Makefile:60: update target 'tests/list_last_entry' due to: tests/list_last_entry.o
env printf "  LD\ttests/list_last_entry\n"
  LD	tests/list_last_entry
cc -o tests/list_last_entry tests/list_last_entry.o 
Makefile:49: update target 'tests/list_last_entry.ok' due to: tests/list_last_entry
env printf "*** Validating tests/list_last_entry ***\n"
*** Validating tests/list_last_entry ***
./tests/list_last_entry && env printf "\t\e[32;01m[ Verified ]\e[0m\n"
	[32;01m[ Verified ][0m
touch tests/list_last_entry.ok
Makefile:56: update target 'tests/list_is_singular.o' due to: tests/list_is_singular.c
env printf "  CC\ttests/list_is_singular.o\n"
  CC	tests/list_is_singular.o
cc -o tests/list_is_singular.o -I./include -std=c99 -pedantic -Wall -Wextra -Werror -c -MMD -MF tests/list_is_singular.o.d tests/list_is_singular.c
Makefile:60: update target 'tests/list_is_singular' due to: tests/list_is_singular.o
env printf "  LD\ttests/list_is_singular\n"
  LD	tests/list_is_singular
cc -o tests/list_is_singular tests/list_is_singular.o 
Makefile:49: update target 'tests/list_is_singular.ok' due to: tests/list_is_singular
env printf "*** Validating tests/list_is_singular ***\n"
*** Validating tests/list_is_singular ***
./tests/list_is_singular && env printf "\t\e[32;01m[ Verified ]\e[0m\n"
	[32;01m[ Verified ][0m
touch tests/list_is_singular.ok
Makefile:56: update target 'tests/list_for_each_safe.o' due to: tests/list_for_each_safe.c
env printf "  CC\ttests/list_for_each_safe.o\n"
  CC	tests/list_for_each_safe.o
cc -o tests/list_for_each_safe.o -I./include -std=c99 -pedantic -Wall -Wextra -Werror -c -MMD -MF tests/list_for_each_safe.o.d tests/list_for_each_safe.c
Makefile:60: update target 'tests/list_for_each_safe' due to: tests/list_for_each_safe.o
env printf "  LD\ttests/list_for_each_safe\n"
  LD	tests/list_for_each_safe
cc -o tests/list_for_each_safe tests/list_for_each_safe.o 
Makefile:49: update target 'tests/list_for_each_safe.ok' due to: tests/list_for_each_safe
env printf "*** Validating tests/list_for_each_safe ***\n"
*** Validating tests/list_for_each_safe ***
./tests/list_for_each_safe && env printf "\t\e[32;01m[ Verified ]\e[0m\n"
	[32;01m[ Verified ][0m
touch tests/list_for_each_safe.ok
Makefile:56: update target 'tests/list_for_each_entry_safe.o' due to: tests/list_for_each_entry_safe.c
env printf "  CC\ttests/list_for_each_entry_safe.o\n"
  CC	tests/list_for_each_entry_safe.o
cc -o tests/list_for_each_entry_safe.o -I./include -std=c99 -pedantic -Wall -Wextra -Werror -c -MMD -MF tests/list_for_each_entry_safe.o.d tests/list_for_each_entry_safe.c
Makefile:60: update target 'tests/list_for_each_entry_safe' due to: tests/list_for_each_entry_safe.o
env printf "  LD\ttests/list_for_each_entry_safe\n"
  LD	tests/list_for_each_entry_safe
cc -o tests/list_for_each_entry_safe tests/list_for_each_entry_safe.o 
Makefile:49: update target 'tests/list_for_each_entry_safe.ok' due to: tests/list_for_each_entry_safe
env printf "*** Validating tests/list_for_each_entry_safe ***\n"
*** Validating tests/list_for_each_entry_safe ***
./tests/list_for_each_entry_safe && env printf "\t\e[32;01m[ Verified ]\e[0m\n"
	[32;01m[ Verified ][0m
touch tests/list_for_each_entry_safe.ok
Makefile:56: update target 'tests/list_for_each.o' due to: tests/list_for_each.c
env printf "  CC\ttests/list_for_each.o\n"
  CC	tests/list_for_each.o
cc -o tests/list_for_each.o -I./include -std=c99 -pedantic -Wall -Wextra -Werror -c -MMD -MF tests/list_for_each.o.d tests/list_for_each.c
Makefile:60: update target 'tests/list_for_each' due to: tests/list_for_each.o
env printf "  LD\ttests/list_for_each\n"
  LD	tests/list_for_each
cc -o tests/list_for_each tests/list_for_each.o 
Makefile:49: update target 'tests/list_for_each.ok' due to: tests/list_for_each
env printf "*** Validating tests/list_for_each ***\n"
*** Validating tests/list_for_each ***
./tests/list_for_each && env printf "\t\e[32;01m[ Verified ]\e[0m\n"
	[32;01m[ Verified ][0m
touch tests/list_for_each.ok
Makefile:56: update target 'tests/list_for_each_entry.o' due to: tests/list_for_each_entry.c
env printf "  CC\ttests/list_for_each_entry.o\n"
  CC	tests/list_for_each_entry.o
cc -o tests/list_for_each_entry.o -I./include -std=c99 -pedantic -Wall -Wextra -Werror -c -MMD -MF tests/list_for_each_entry.o.d tests/list_for_each_entry.c
Makefile:60: update target 'tests/list_for_each_entry' due to: tests/list_for_each_entry.o
env printf "  LD\ttests/list_for_each_entry\n"
  LD	tests/list_for_each_entry
cc -o tests/list_for_each_entry tests/list_for_each_entry.o 
Makefile:49: update target 'tests/list_for_each_entry.ok' due to: tests/list_for_each_entry
env printf "*** Validating tests/list_for_each_entry ***\n"
*** Validating tests/list_for_each_entry ***
./tests/list_for_each_entry && env printf "\t\e[32;01m[ Verified ]\e[0m\n"
	[32;01m[ Verified ][0m
touch tests/list_for_each_entry.ok
Makefile:56: update target 'tests/list_move.o' due to: tests/list_move.c
env printf "  CC\ttests/list_move.o\n"
  CC	tests/list_move.o
cc -o tests/list_move.o -I./include -std=c99 -pedantic -Wall -Wextra -Werror -c -MMD -MF tests/list_move.o.d tests/list_move.c
Makefile:60: update target 'tests/list_move' due to: tests/list_move.o
env printf "  LD\ttests/list_move\n"
  LD	tests/list_move
cc -o tests/list_move tests/list_move.o 
Makefile:49: update target 'tests/list_move.ok' due to: tests/list_move
env printf "*** Validating tests/list_move ***\n"
*** Validating tests/list_move ***
./tests/list_move && env printf "\t\e[32;01m[ Verified ]\e[0m\n"
	[32;01m[ Verified ][0m
touch tests/list_move.ok
Makefile:56: update target 'tests/list_move_tail.o' due to: tests/list_move_tail.c
env printf "  CC\ttests/list_move_tail.o\n"
  CC	tests/list_move_tail.o
cc -o tests/list_move_tail.o -I./include -std=c99 -pedantic -Wall -Wextra -Werror -c -MMD -MF tests/list_move_tail.o.d tests/list_move_tail.c
Makefile:60: update target 'tests/list_move_tail' due to: tests/list_move_tail.o
env printf "  LD\ttests/list_move_tail\n"
  LD	tests/list_move_tail
cc -o tests/list_move_tail tests/list_move_tail.o 
Makefile:49: update target 'tests/list_move_tail.ok' due to: tests/list_move_tail
env printf "*** Validating tests/list_move_tail ***\n"
*** Validating tests/list_move_tail ***
./tests/list_move_tail && env printf "\t\e[32;01m[ Verified ]\e[0m\n"
	[32;01m[ Verified ][0m
touch tests/list_move_tail.ok
Makefile:56: update target 'tests/list_splice.o' due to: tests/list_splice.c
env printf "  CC\ttests/list_splice.o\n"
  CC	tests/list_splice.o
cc -o tests/list_splice.o -I./include -std=c99 -pedantic -Wall -Wextra -Werror -c -MMD -MF tests/list_splice.o.d tests/list_splice.c
Makefile:60: update target 'tests/list_splice' due to: tests/list_splice.o
env printf "  LD\ttests/list_splice\n"
  LD	tests/list_splice
cc -o tests/list_splice tests/list_splice.o 
Makefile:49: update target 'tests/list_splice.ok' due to: tests/list_splice
env printf "*** Validating tests/list_splice ***\n"
*** Validating tests/list_splice ***
./tests/list_splice && env printf "\t\e[32;01m[ Verified ]\e[0m\n"
	[32;01m[ Verified ][0m
touch tests/list_splice.ok
Makefile:56: update target 'tests/list_splice_tail.o' due to: tests/list_splice_tail.c
env printf "  CC\ttests/list_splice_tail.o\n"
  CC	tests/list_splice_tail.o
cc -o tests/list_splice_tail.o -I./include -std=c99 -pedantic -Wall -Wextra -Werror -c -MMD -MF tests/list_splice_tail.o.d tests/list_splice_tail.c
Makefile:60: update target 'tests/list_splice_tail' due to: tests/list_splice_tail.o
env printf "  LD\ttests/list_splice_tail\n"
  LD	tests/list_splice_tail
cc -o tests/list_splice_tail tests/list_splice_tail.o 
Makefile:49: update target 'tests/list_splice_tail.ok' due to: tests/list_splice_tail
env printf "*** Validating tests/list_splice_tail ***\n"
*** Validating tests/list_splice_tail ***
./tests/list_splice_tail && env printf "\t\e[32;01m[ Verified ]\e[0m\n"
	[32;01m[ Verified ][0m
touch tests/list_splice_tail.ok
Makefile:56: update target 'tests/list_splice_init.o' due to: tests/list_splice_init.c
env printf "  CC\ttests/list_splice_init.o\n"
  CC	tests/list_splice_init.o
cc -o tests/list_splice_init.o -I./include -std=c99 -pedantic -Wall -Wextra -Werror -c -MMD -MF tests/list_splice_init.o.d tests/list_splice_init.c
Makefile:60: update target 'tests/list_splice_init' due to: tests/list_splice_init.o
env printf "  LD\ttests/list_splice_init\n"
  LD	tests/list_splice_init
cc -o tests/list_splice_init tests/list_splice_init.o 
Makefile:49: update target 'tests/list_splice_init.ok' due to: tests/list_splice_init
env printf "*** Validating tests/list_splice_init ***\n"
*** Validating tests/list_splice_init ***
./tests/list_splice_init && env printf "\t\e[32;01m[ Verified ]\e[0m\n"
	[32;01m[ Verified ][0m
touch tests/list_splice_init.ok
Makefile:56: update target 'tests/list_splice_tail_init.o' due to: tests/list_splice_tail_init.c
env printf "  CC\ttests/list_splice_tail_init.o\n"
  CC	tests/list_splice_tail_init.o
cc -o tests/list_splice_tail_init.o -I./include -std=c99 -pedantic -Wall -Wextra -Werror -c -MMD -MF tests/list_splice_tail_init.o.d tests/list_splice_tail_init.c
Makefile:60: update target 'tests/list_splice_tail_init' due to: tests/list_splice_tail_init.o
env printf "  LD\ttests/list_splice_tail_init\n"
  LD	tests/list_splice_tail_init
cc -o tests/list_splice_tail_init tests/list_splice_tail_init.o 
Makefile:49: update target 'tests/list_splice_tail_init.ok' due to: tests/list_splice_tail_init
env printf "*** Validating tests/list_splice_tail_init ***\n"
*** Validating tests/list_splice_tail_init ***
./tests/list_splice_tail_init && env printf "\t\e[32;01m[ Verified ]\e[0m\n"
	[32;01m[ Verified ][0m
touch tests/list_splice_tail_init.ok
Makefile:56: update target 'tests/list_cut_position.o' due to: tests/list_cut_position.c
env printf "  CC\ttests/list_cut_position.o\n"
  CC	tests/list_cut_position.o
cc -o tests/list_cut_position.o -I./include -std=c99 -pedantic -Wall -Wextra -Werror -c -MMD -MF tests/list_cut_position.o.d tests/list_cut_position.c
Makefile:60: update target 'tests/list_cut_position' due to: tests/list_cut_position.o
env printf "  LD\ttests/list_cut_position\n"
  LD	tests/list_cut_position
cc -o tests/list_cut_position tests/list_cut_position.o 
Makefile:49: update target 'tests/list_cut_position.ok' due to: tests/list_cut_position
env printf "*** Validating tests/list_cut_position ***\n"
*** Validating tests/list_cut_position ***
./tests/list_cut_position && env printf "\t\e[32;01m[ Verified ]\e[0m\n"
	[32;01m[ Verified ][0m
touch tests/list_cut_position.ok
